Started GET "/" for 127.0.0.1 at 2017-10-13 15:15:44 +0800
Processing by ApplicationController#goodBye as HTML
  Rendering html template
  Rendered html template (0.0ms)
Completed 200 OK in 217ms (Views: 5.2ms)


Started GET "/" for 127.0.0.1 at 2017-10-13 15:30:17 +0800
Processing by ApplicationController#goodBye as HTML
  Rendering html template
  Rendered html template (0.0ms)
Completed 200 OK in 205ms (Views: 5.4ms)


Started GET "/" for 127.0.0.1 at 2017-10-13 15:38:07 +0800
Processing by ApplicationController#goodBye as HTML
  Rendering html template
  Rendered html template (0.0ms)
Completed 200 OK in 157ms (Views: 2.8ms)


Started GET "/" for 127.0.0.1 at 2017-10-13 15:38:09 +0800
Processing by ApplicationController#goodBye as HTML
  Rendering html template
  Rendered html template (0.0ms)
Completed 200 OK in 1ms (Views: 0.7ms)


Started GET "/" for 127.0.0.1 at 2017-10-13 16:01:37 +0800
Processing by ApplicationController#goodBye as HTML
  Rendering html template
  Rendered html template (0.0ms)
Completed 200 OK in 166ms (Views: 2.9ms)


Started GET "/" for 127.0.0.1 at 2017-10-13 16:01:45 +0800
Processing by ApplicationController#goodBye as HTML
  Rendering html template
  Rendered html template (0.0ms)
Completed 200 OK in 1ms (Views: 0.3ms)


Started GET "/" for 127.0.0.1 at 2017-10-13 16:22:36 +0800
Processing by Rails::WelcomeController#index as HTML
  Rendering /usr/local/lib/ruby/gems/2.3.0/gems/railties-5.1.4/lib/rails/templates/rails/welcome/index.html.erb
  Rendered /usr/local/lib/ruby/gems/2.3.0/gems/railties-5.1.4/lib/rails/templates/rails/welcome/index.html.erb (5.7ms)
Completed 200 OK in 168ms (Views: 10.3ms)


